mode: set
github.com/GoesToTwentyOne/HonorableTodd_udemy_Golang_practice/codesamples/28_again_reinforce_practice_and_crystal_idea_all_topic/12_section_28-29/01_handsonexercise/dog/main.go:5.23,7.2 1 1
github.com/GoesToTwentyOne/HonorableTodd_udemy_Golang_practice/codesamples/28_again_reinforce_practice_and_crystal_idea_all_topic/12_section_28-29/01_handsonexercise/dog/main.go:10.26,12.25 2 1
github.com/GoesToTwentyOne/HonorableTodd_udemy_Golang_practice/codesamples/28_again_reinforce_practice_and_crystal_idea_all_topic/12_section_28-29/01_handsonexercise/dog/main.go:15.2,15.14 1 1
github.com/GoesToTwentyOne/HonorableTodd_udemy_Golang_practice/codesamples/28_again_reinforce_practice_and_crystal_idea_all_topic/12_section_28-29/01_handsonexercise/dog/main.go:12.25,14.3 1 1
