mode: set
github.com/GoesToTwentyOne/HonorableTodd_udemy_Golang_practice/codesamples/28_again_reinforce_practice_and_crystal_idea_all_topic/12_section_28-29/02_handsonexercise/word/main.go:7.40,10.23 3 1
github.com/GoesToTwentyOne/HonorableTodd_udemy_Golang_practice/codesamples/28_again_reinforce_practice_and_crystal_idea_all_topic/12_section_28-29/02_handsonexercise/word/main.go:13.2,13.10 1 1
github.com/GoesToTwentyOne/HonorableTodd_udemy_Golang_practice/codesamples/28_again_reinforce_practice_and_crystal_idea_all_topic/12_section_28-29/02_handsonexercise/word/main.go:10.23,12.3 1 1
github.com/GoesToTwentyOne/HonorableTodd_udemy_Golang_practice/codesamples/28_again_reinforce_practice_and_crystal_idea_all_topic/12_section_28-29/02_handsonexercise/word/main.go:16.26,20.2 2 1
