mode: set
github.com/GoesToTwentyOne/HonorableTodd_udemy_Golang_practice/codesamples/27_Reinforce_revision_section_30-50/13_section_28-30/07_reinforce_handsonexercise/03_handsonexercise/Mymath/main.go:7.36,12.23 4 1
github.com/GoesToTwentyOne/HonorableTodd_udemy_Golang_practice/codesamples/27_Reinforce_revision_section_30-50/13_section_28-30/07_reinforce_handsonexercise/03_handsonexercise/Mymath/main.go:16.2,17.10 2 1
github.com/GoesToTwentyOne/HonorableTodd_udemy_Golang_practice/codesamples/27_Reinforce_revision_section_30-50/13_section_28-30/07_reinforce_handsonexercise/03_handsonexercise/Mymath/main.go:12.23,14.3 1 1
