mode: set
github.com/GoesToTwentyOne/HonorableTodd_udemy_Golang_practice/codesamples/37_section35_36_review/03_handsonerxercise_02/word/main.go:7.40,10.23 3 1
github.com/GoesToTwentyOne/HonorableTodd_udemy_Golang_practice/codesamples/37_section35_36_review/03_handsonerxercise_02/word/main.go:13.2,13.10 1 1
github.com/GoesToTwentyOne/HonorableTodd_udemy_Golang_practice/codesamples/37_section35_36_review/03_handsonerxercise_02/word/main.go:10.23,12.3 1 1
github.com/GoesToTwentyOne/HonorableTodd_udemy_Golang_practice/codesamples/37_section35_36_review/03_handsonerxercise_02/word/main.go:16.26,20.2 2 1
