mode: set
github.com/GoesToTwentyOne/HonorableTodd_udemy_Golang_practice/codesamples/28_again_reinforce_practice_and_crystal_idea_all_topic/12_section_28-29/03_handsonexercise/mymath/main.go:7.36,12.23 4 1
github.com/GoesToTwentyOne/HonorableTodd_udemy_Golang_practice/codesamples/28_again_reinforce_practice_and_crystal_idea_all_topic/12_section_28-29/03_handsonexercise/mymath/main.go:16.2,17.10 2 1
github.com/GoesToTwentyOne/HonorableTodd_udemy_Golang_practice/codesamples/28_again_reinforce_practice_and_crystal_idea_all_topic/12_section_28-29/03_handsonexercise/mymath/main.go:12.23,14.3 1 1
